2023-11-30 16:03:27 - Neovide panicked with the message 'Could not setup setting notifier for cursor_animation_length: Error sending request 'nvim_command''. (File: src\error_handling.rs; Line: 5, Column: 5)
   0: <unknown>
   1: <unknown>
   2: <unknown>
   3: <unknown>
   4: <unknown>
   5: <unknown>
   6: <unknown>
   7: <unknown>
   8: <unknown>
   9: <unknown>
  10: <unknown>
  11: <unknown>
  12: <unknown>
  13: <unknown>
  14: <unknown>
  15: BaseThreadInitThunk
  16: RtlUserThreadStart

2023-11-30 16:03:27 - Neovide panicked with the message 'called `Result::unwrap()` on an `Err` value: SendError { .. }'. (File: src\event_aggregator.rs; Line: 51, Column: 28)
   0: <unknown>
   1: <unknown>
   2: <unknown>
   3: <unknown>
   4: <unknown>
   5: <unknown>
   6: <unknown>
   7: <unknown>
   8: <unknown>
   9: <unknown>
  10: <unknown>
  11: <unknown>
  12: <unknown>
  13: <unknown>
  14: DispatchMessageW
  15: CallWindowProcW
  16: wglSwapBuffers
  17: DispatchMessageW
  18: DispatchMessageW
  19: <unknown>
  20: <unknown>
  21: <unknown>
  22: <unknown>
  23: <unknown>
  24: <unknown>
  25: <unknown>
  26: BaseThreadInitThunk
  27: RtlUserThreadStart

